{
  "RSpec": {
    "coverage": {
      "/home/tyler/development/rails/todos/config/environment.rb": [
        null,
        1,
        null,
        null,
        1
      ],
      "/home/tyler/development/rails/todos/config/application.rb": [
        1,
        null,
        1,
        null,
        1,
        null,
        1,
        null,
        null,
        null,
        null,
        1,
        1,
        null,
        null,
        null,
        null,
        null,
        null,
        null,
        null,
        null,
        null,
        null,
        null,
        null,
        null,
        null,
        null,
        null,
        null,
        null,
        null,
        null,
        null,
        null,
        1,
        null,
        null,
        1,
        null,
        null,
        1,
        null,
        null,
        null,
        null,
        null,
        null,
        null,
        null,
        null,
        null,
        1,
        null,
        null,
        1,
        null,
        null,
        1,
        null,
        null
      ],
      "/home/tyler/development/rails/todos/config/boot.rb": [
        1,
        null,
        null,
        1,
        null,
        1
      ],
      "/home/tyler/development/rails/todos/config/environments/test.rb": [
        1,
        null,
        null,
        null,
        null,
        null,
        null,
        1,
        null,
        null,
        1,
        1,
        null,
        null,
        1,
        null,
        null,
        1,
        1,
        null,
        null,
        1,
        null,
        null,
        1,
        null,
        null,
        null,
        null,
        1,
        null,
        null,
        1,
        null,
        null,
        1,
        null
      ],
      "/home/tyler/development/rails/todos/config/initializers/backtrace_silencers.rb": [
        null,
        null,
        null,
        null,
        null,
        null,
        null
      ],
      "/home/tyler/development/rails/todos/config/initializers/inflections.rb": [
        null,
        null,
        null,
        null,
        null,
        null,
        null,
        null,
        null,
        null,
        null,
        null,
        null,
        null,
        null
      ],
      "/home/tyler/development/rails/todos/config/initializers/mime_types.rb": [
        null,
        null,
        null,
        null,
        null
      ],
      "/home/tyler/development/rails/todos/config/initializers/secret_token.rb": [
        null,
        null,
        null,
        null,
        null,
        null,
        1
      ],
      "/home/tyler/development/rails/todos/config/initializers/session_store.rb": [
        null,
        null,
        1,
        null,
        null,
        null,
        null,
        null
      ],
      "/home/tyler/development/rails/todos/config/initializers/wrap_parameters.rb": [
        null,
        null,
        null,
        null,
        null,
        null,
        1,
        1,
        null,
        null,
        null,
        1,
        1,
        null
      ],
      "/home/tyler/development/rails/todos/app/controllers/application_controller.rb": [
        1,
        1,
        null
      ],
      "/home/tyler/development/rails/todos/app/helpers/application_helper.rb": [
        1,
        null
      ],
      "/home/tyler/development/rails/todos/app/controllers/lists_controller.rb": [
        1,
        null,
        1,
        9,
        null,
        null,
        1,
        6,
        null,
        null,
        1,
        4,
        4,
        3,
        null,
        1,
        null,
        null,
        null,
        1,
        1,
        null,
        null,
        1,
        2,
        2,
        2,
        null,
        null,
        1,
        2,
        2,
        2,
        null,
        null
      ],
      "/home/tyler/development/rails/todos/app/models/list.rb": [
        1,
        1,
        1,
        1,
        null
      ],
      "/home/tyler/development/rails/todos/app/controllers/todos_controller.rb": [
        1,
        null,
        1,
        10,
        10,
        null,
        null,
        1,
        3,
        3,
        null,
        null,
        1,
        3,
        3,
        3,
        3,
        null,
        0,
        null,
        null,
        null,
        1,
        1,
        null,
        null,
        1,
        2,
        2,
        2,
        2,
        null,
        0,
        null,
        null,
        null,
        1,
        2,
        2,
        null,
        null,
        null
      ],
      "/home/tyler/development/rails/todos/app/models/todo.rb": [
        1,
        1,
        1,
        1,
        null
      ],
      "/home/tyler/development/rails/todos/config/routes.rb": [
        1,
        null,
        1,
        null,
        1,
        1,
        null,
        null,
        null
      ],
      "/home/tyler/development/rails/todos/spec/controllers/todo_controller_spec.rb": [
        1,
        null,
        1,
        null,
        7,
        7,
        3,
        null,
        1,
        1,
        1,
        1,
        null,
        null,
        1,
        1,
        1,
        null,
        null,
        1,
        1,
        1,
        2,
        1,
        null,
        null,
        1,
        1,
        1,
        null,
        null,
        1,
        1,
        1,
        null,
        null,
        1,
        4,
        null,
        null,
        null
      ],
      "/home/tyler/development/rails/todos/spec/features/listpage_spec.rb": [
        1,
        null,
        1,
        null,
        9,
        null,
        1,
        1,
        1,
        1,
        null,
        null,
        null,
        1,
        1,
        1,
        1,
        1,
        null,
        null,
        1,
        1,
        1,
        1,
        1,
        null,
        null,
        null,
        1,
        1,
        1,
        1,
        null,
        null,
        null,
        1,
        1,
        1,
        1,
        1,
        1,
        null,
        null,
        null,
        null,
        1,
        1,
        1,
        1,
        1,
        null,
        null,
        1,
        1,
        1,
        1,
        null,
        null,
        null,
        null,
        1,
        1,
        1,
        1,
        1,
        null,
        null,
        null
      ],
      "/home/tyler/development/rails/todos/spec/features/todopage_spec.rb": [
        1,
        null,
        1,
        null,
        7,
        7,
        null,
        1,
        1,
        1,
        1,
        null,
        null,
        1,
        1,
        1,
        1,
        null,
        null,
        1,
        1,
        1,
        1,
        null,
        null,
        null,
        null,
        1,
        1,
        1,
        1,
        null,
        null,
        1,
        1,
        1,
        1,
        1,
        null,
        null,
        null,
        1,
        1,
        1,
        1,
        1,
        1,
        null,
        null,
        null
      ],
      "/home/tyler/development/rails/todos/spec/models/lists_spec.rb": [
        1,
        null,
        1,
        2,
        2,
        null,
        2,
        null,
        2,
        null,
        6,
        null,
        1,
        1,
        null,
        null
      ],
      "/home/tyler/development/rails/todos/spec/models/todos_spec.rb": [
        1,
        null,
        1,
        2,
        2,
        2,
        null,
        2,
        2,
        null,
        2,
        null,
        2,
        null,
        1,
        1,
        null,
        null,
        null
      ]
    },
    "timestamp": 1385273708
  }
}
